[00:37:59] [ServerMain/INFO]: Environment: authHost='https://authserver.mojang.com', accountsHost='https://api.mojang.com', sessionHost='https://sessionserver.mojang.com', servicesHost='https://api.minecraftservices.com', name='PROD'
[00:38:01] [ServerMain/INFO]: Loaded 7 recipes
[00:38:01] [ServerMain/INFO]: Loaded 1271 advancements
[00:38:01] [Server thread/INFO]: Starting minecraft server version 1.20
[00:38:01] [Server thread/INFO]: Loading properties
[00:38:01] [Server thread/INFO]: Default game type: SURVIVAL
[00:38:01] [Server thread/INFO]: Generating keypair
[00:38:01] [Server thread/INFO]: Starting Minecraft server on *:25565
[00:38:01] [Server thread/INFO]: Using epoll channel type
[00:38:01] [Server thread/WARN]: **** SERVER IS RUNNING IN OFFLINE/INSECURE MODE!
[00:38:01] [Server thread/WARN]: The server will make no attempt to authenticate usernames. Beware.
[00:38:01] [Server thread/WARN]: While this makes the game possible to play without internet access, it also opens up the ability for hackers to connect with any username they choose.
[00:38:01] [Server thread/WARN]: To change this, set "online-mode" to "true" in the server.properties file.
[00:38:01] [Server thread/WARN]: Failed to load white-list: 
java.lang.NullPointerException: Cannot invoke "com.google.gson.JsonArray.iterator()" because "$$1" is null
	at alp.f(SourceFile:121) ~[server-1.20.jar:?]
	at ahd.C(SourceFile:109) ~[server-1.20.jar:?]
	at ahd.<init>(SourceFile:29) ~[server-1.20.jar:?]
	at ahe.e(SourceFile:161) ~[server-1.20.jar:?]
	at net.minecraft.server.MinecraftServer.w(SourceFile:646) ~[server-1.20.jar:?]
	at net.minecraft.server.MinecraftServer.a(SourceFile:265) ~[server-1.20.jar:?]
	at java.lang.Thread.run(Thread.java:1583) ~[?:?]
[00:38:01] [Server thread/INFO]: Preparing level "world"
[00:38:04] [Server thread/INFO]: Preparing start region for dimension minecraft:overworld
[00:38:08] [Worker-Main-2/INFO]: Preparing spawn area: 0%
[00:38:08] [Worker-Main-2/INFO]: Preparing spawn area: 0%
[00:38:08] [Worker-Main-3/INFO]: Preparing spawn area: 0%
[00:38:08] [Worker-Main-3/INFO]: Preparing spawn area: 0%
[00:38:08] [Worker-Main-3/INFO]: Preparing spawn area: 0%
[00:38:08] [Worker-Main-3/INFO]: Preparing spawn area: 0%
[00:38:08] [Worker-Main-3/INFO]: Preparing spawn area: 0%
[00:38:08] [Worker-Main-3/INFO]: Preparing spawn area: 0%
[00:38:08] [Worker-Main-1/INFO]: Preparing spawn area: 0%
[00:38:08] [Worker-Main-1/INFO]: Preparing spawn area: 0%
[00:38:09] [Worker-Main-1/INFO]: Preparing spawn area: 59%
[00:38:09] [Server thread/INFO]: Time elapsed: 5297 ms
[00:38:09] [Server thread/INFO]: Done (7.930s)! For help, type "help"
